nohup: ignoring input
Epoch 1/10 - Loss: 1.9798
Epoch 2/10 - Loss: 1.7573

Sample (epoch 2):
The parld.

SARGO:
Were comftway:
A meres se:
Come, 'tueher, what be
The ceaden dess best m'smassieds ab

Epoch 3/10 - Loss: 1.6992
Epoch 4/10 - Loss: 1.6672

Sample (epoch 4):
The my;
Be hardham to shall Atcelood;
And this Leld you, formingliost it waild of alther'st thom; well b

Epoch 5/10 - Loss: 1.6455
Epoch 6/10 - Loss: 1.6310

Sample (epoch 6):
The fut,
By no alt, I'll, when
Out indeedy bid this leaves conuse so af as firmy it shese cand Buing wra

Epoch 7/10 - Loss: 1.6191
Epoch 8/10 - Loss: 1.6101

Sample (epoch 8):
The right
Ifforiting curthous, have my sonter. I
Mrrads are we or.

MONAM OPUTET:
Roud roveremarry, have

