Training repr mode 'a' for 5 epochs on device cpu for task 'pos'
Epoch 1/5
Sentences seen: 500, Dev Acc: 0.1852
Sentences seen: 1000, Dev Acc: 0.1402
Sentences seen: 1500, Dev Acc: 0.2723
Sentences seen: 2000, Dev Acc: 0.3028
Sentences seen: 2500, Dev Acc: 0.4117
Sentences seen: 3000, Dev Acc: 0.4473
Sentences seen: 3500, Dev Acc: 0.4828
Sentences seen: 4000, Dev Acc: 0.5269
Sentences seen: 4500, Dev Acc: 0.5778
Sentences seen: 5000, Dev Acc: 0.6264
Sentences seen: 5500, Dev Acc: 0.6636
Sentences seen: 6000, Dev Acc: 0.7115
Sentences seen: 6500, Dev Acc: 0.7405
Sentences seen: 7000, Dev Acc: 0.7580
Sentences seen: 7500, Dev Acc: 0.7822
Sentences seen: 8000, Dev Acc: 0.7978
Sentences seen: 8500, Dev Acc: 0.8144
Sentences seen: 9000, Dev Acc: 0.8332
Sentences seen: 9500, Dev Acc: 0.8437
Sentences seen: 10000, Dev Acc: 0.8549
Sentences seen: 10500, Dev Acc: 0.8627
Sentences seen: 11000, Dev Acc: 0.8675
Sentences seen: 11500, Dev Acc: 0.8744
Sentences seen: 12000, Dev Acc: 0.8797
Sentences seen: 12500, Dev Acc: 0.8835
Sentences seen: 13000, Dev Acc: 0.8874
Sentences seen: 13500, Dev Acc: 0.8903
Sentences seen: 14000, Dev Acc: 0.8958
Sentences seen: 14500, Dev Acc: 0.8984
Sentences seen: 15000, Dev Acc: 0.9016
Sentences seen: 15500, Dev Acc: 0.9056
Sentences seen: 16000, Dev Acc: 0.9051
Sentences seen: 16500, Dev Acc: 0.9061
Sentences seen: 17000, Dev Acc: 0.9093
Sentences seen: 17500, Dev Acc: 0.9115
Sentences seen: 18000, Dev Acc: 0.9141
Sentences seen: 18500, Dev Acc: 0.9155
Sentences seen: 19000, Dev Acc: 0.9165
Sentences seen: 19500, Dev Acc: 0.9184
Sentences seen: 20000, Dev Acc: 0.9198
Sentences seen: 20500, Dev Acc: 0.9188
Sentences seen: 21000, Dev Acc: 0.9235
Sentences seen: 21500, Dev Acc: 0.9233
Sentences seen: 22000, Dev Acc: 0.9224
Sentences seen: 22500, Dev Acc: 0.9244
Sentences seen: 23000, Dev Acc: 0.9271
Sentences seen: 23500, Dev Acc: 0.9261
Sentences seen: 24000, Dev Acc: 0.9286
Sentences seen: 24500, Dev Acc: 0.9277
Sentences seen: 25000, Dev Acc: 0.9295
Sentences seen: 25500, Dev Acc: 0.9285
Sentences seen: 26000, Dev Acc: 0.9302
Sentences seen: 26500, Dev Acc: 0.9310
Sentences seen: 27000, Dev Acc: 0.9326
Sentences seen: 27500, Dev Acc: 0.9337
Sentences seen: 28000, Dev Acc: 0.9346
Sentences seen: 28500, Dev Acc: 0.9331
Sentences seen: 29000, Dev Acc: 0.9352
Sentences seen: 29500, Dev Acc: 0.9360
Sentences seen: 30000, Dev Acc: 0.9363
Sentences seen: 30500, Dev Acc: 0.9371
Sentences seen: 31000, Dev Acc: 0.9373
Sentences seen: 31500, Dev Acc: 0.9389
Sentences seen: 32000, Dev Acc: 0.9392
Sentences seen: 32500, Dev Acc: 0.9388
Sentences seen: 33000, Dev Acc: 0.9377
Sentences seen: 33500, Dev Acc: 0.9400
Sentences seen: 34000, Dev Acc: 0.9389
Sentences seen: 34500, Dev Acc: 0.9389
Sentences seen: 35000, Dev Acc: 0.9416
Sentences seen: 35500, Dev Acc: 0.9405
Sentences seen: 36000, Dev Acc: 0.9414
Sentences seen: 36500, Dev Acc: 0.9408
Sentences seen: 37000, Dev Acc: 0.9377
Sentences seen: 37500, Dev Acc: 0.9398
Epoch 1 TRAIN loss: 0.6473 | TRAIN accuracy: 0.8282
Last dev acc: 0.9398
Epoch 2/5
Sentences seen: 38000, Dev Acc: 0.9411
Sentences seen: 38500, Dev Acc: 0.9426
Sentences seen: 39000, Dev Acc: 0.9438
Sentences seen: 39500, Dev Acc: 0.9446
Sentences seen: 40000, Dev Acc: 0.9449
Sentences seen: 40500, Dev Acc: 0.9446
Sentences seen: 41000, Dev Acc: 0.9449
Sentences seen: 41500, Dev Acc: 0.9446
Sentences seen: 42000, Dev Acc: 0.9451
Sentences seen: 42500, Dev Acc: 0.9449
Sentences seen: 43000, Dev Acc: 0.9451
Sentences seen: 43500, Dev Acc: 0.9446
Sentences seen: 44000, Dev Acc: 0.9461
Sentences seen: 44500, Dev Acc: 0.9465
Sentences seen: 45000, Dev Acc: 0.9463
Sentences seen: 45500, Dev Acc: 0.9471
Sentences seen: 46000, Dev Acc: 0.9462
Sentences seen: 46500, Dev Acc: 0.9453
Sentences seen: 47000, Dev Acc: 0.9442
Sentences seen: 47500, Dev Acc: 0.9471
Sentences seen: 48000, Dev Acc: 0.9475
Sentences seen: 48500, Dev Acc: 0.9466
Sentences seen: 49000, Dev Acc: 0.9484
Sentences seen: 49500, Dev Acc: 0.9480
Sentences seen: 50000, Dev Acc: 0.9476
Sentences seen: 50500, Dev Acc: 0.9457
Sentences seen: 51000, Dev Acc: 0.9465
Sentences seen: 51500, Dev Acc: 0.9476
Sentences seen: 52000, Dev Acc: 0.9482
Sentences seen: 52500, Dev Acc: 0.9489
Sentences seen: 53000, Dev Acc: 0.9489
Sentences seen: 53500, Dev Acc: 0.9505
Sentences seen: 54000, Dev Acc: 0.9488
Sentences seen: 54500, Dev Acc: 0.9501
Sentences seen: 55000, Dev Acc: 0.9490
Sentences seen: 55500, Dev Acc: 0.9497
Sentences seen: 56000, Dev Acc: 0.9500
Sentences seen: 56500, Dev Acc: 0.9503
Sentences seen: 57000, Dev Acc: 0.9509
Sentences seen: 57500, Dev Acc: 0.9496
Sentences seen: 58000, Dev Acc: 0.9494
Sentences seen: 58500, Dev Acc: 0.9504
Sentences seen: 59000, Dev Acc: 0.9497
Sentences seen: 59500, Dev Acc: 0.9502
Sentences seen: 60000, Dev Acc: 0.9511
Sentences seen: 60500, Dev Acc: 0.9507
Sentences seen: 61000, Dev Acc: 0.9517
Sentences seen: 61500, Dev Acc: 0.9519
Sentences seen: 62000, Dev Acc: 0.9495
Sentences seen: 62500, Dev Acc: 0.9515
Sentences seen: 63000, Dev Acc: 0.9516
Sentences seen: 63500, Dev Acc: 0.9505
Sentences seen: 64000, Dev Acc: 0.9511
Sentences seen: 64500, Dev Acc: 0.9518
Sentences seen: 65000, Dev Acc: 0.9492
Sentences seen: 65500, Dev Acc: 0.9511
Sentences seen: 66000, Dev Acc: 0.9525
Sentences seen: 66500, Dev Acc: 0.9520
Sentences seen: 67000, Dev Acc: 0.9501
Sentences seen: 67500, Dev Acc: 0.9512
Sentences seen: 68000, Dev Acc: 0.9521
Sentences seen: 68500, Dev Acc: 0.9512
Sentences seen: 69000, Dev Acc: 0.9521
Sentences seen: 69500, Dev Acc: 0.9521
Sentences seen: 70000, Dev Acc: 0.9537
Sentences seen: 70500, Dev Acc: 0.9536
Sentences seen: 71000, Dev Acc: 0.9525
Sentences seen: 71500, Dev Acc: 0.9527
Sentences seen: 72000, Dev Acc: 0.9531
Sentences seen: 72500, Dev Acc: 0.9552
Sentences seen: 73000, Dev Acc: 0.9533
Sentences seen: 73500, Dev Acc: 0.9540
Sentences seen: 74000, Dev Acc: 0.9535
Sentences seen: 74500, Dev Acc: 0.9515
Sentences seen: 75000, Dev Acc: 0.9522
Sentences seen: 75500, Dev Acc: 0.9517
Epoch 2 TRAIN loss: 0.1329 | TRAIN accuracy: 0.9593
Last dev acc: 0.9517
Epoch 3/5
Sentences seen: 76000, Dev Acc: 0.9519
Sentences seen: 76500, Dev Acc: 0.9515
Sentences seen: 77000, Dev Acc: 0.9522
Sentences seen: 77500, Dev Acc: 0.9539
Sentences seen: 78000, Dev Acc: 0.9537
Sentences seen: 78500, Dev Acc: 0.9539
Sentences seen: 79000, Dev Acc: 0.9548
Sentences seen: 79500, Dev Acc: 0.9541
Sentences seen: 80000, Dev Acc: 0.9540
Sentences seen: 80500, Dev Acc: 0.9527
Sentences seen: 81000, Dev Acc: 0.9538
Sentences seen: 81500, Dev Acc: 0.9542
Sentences seen: 82000, Dev Acc: 0.9526
Sentences seen: 82500, Dev Acc: 0.9530
Sentences seen: 83000, Dev Acc: 0.9537
Sentences seen: 83500, Dev Acc: 0.9537
Sentences seen: 84000, Dev Acc: 0.9535
Sentences seen: 84500, Dev Acc: 0.9542
Sentences seen: 85000, Dev Acc: 0.9540
Sentences seen: 85500, Dev Acc: 0.9531
Sentences seen: 86000, Dev Acc: 0.9545
Sentences seen: 86500, Dev Acc: 0.9541
Sentences seen: 87000, Dev Acc: 0.9528
Sentences seen: 87500, Dev Acc: 0.9534
Sentences seen: 88000, Dev Acc: 0.9540
Sentences seen: 88500, Dev Acc: 0.9543
Sentences seen: 89000, Dev Acc: 0.9536
Sentences seen: 89500, Dev Acc: 0.9546
Sentences seen: 90000, Dev Acc: 0.9533
Sentences seen: 90500, Dev Acc: 0.9541
Sentences seen: 91000, Dev Acc: 0.9537
Sentences seen: 91500, Dev Acc: 0.9527
Sentences seen: 92000, Dev Acc: 0.9548
Sentences seen: 92500, Dev Acc: 0.9539
Sentences seen: 93000, Dev Acc: 0.9543
Sentences seen: 93500, Dev Acc: 0.9540
Sentences seen: 94000, Dev Acc: 0.9547
Sentences seen: 94500, Dev Acc: 0.9550
Sentences seen: 95000, Dev Acc: 0.9543
Sentences seen: 95500, Dev Acc: 0.9552
Sentences seen: 96000, Dev Acc: 0.9536
Sentences seen: 96500, Dev Acc: 0.9543
Sentences seen: 97000, Dev Acc: 0.9542
Sentences seen: 97500, Dev Acc: 0.9544
Sentences seen: 98000, Dev Acc: 0.9552
Sentences seen: 98500, Dev Acc: 0.9542
Sentences seen: 99000, Dev Acc: 0.9540
Sentences seen: 99500, Dev Acc: 0.9527
Sentences seen: 100000, Dev Acc: 0.9528
Sentences seen: 100500, Dev Acc: 0.9533
Sentences seen: 101000, Dev Acc: 0.9547
Sentences seen: 101500, Dev Acc: 0.9540
Sentences seen: 102000, Dev Acc: 0.9549
Sentences seen: 102500, Dev Acc: 0.9554
Sentences seen: 103000, Dev Acc: 0.9559
Sentences seen: 103500, Dev Acc: 0.9550
Sentences seen: 104000, Dev Acc: 0.9548
Sentences seen: 104500, Dev Acc: 0.9553
Sentences seen: 105000, Dev Acc: 0.9549
Sentences seen: 105500, Dev Acc: 0.9545
Sentences seen: 106000, Dev Acc: 0.9553
Sentences seen: 106500, Dev Acc: 0.9554
Sentences seen: 107000, Dev Acc: 0.9552
Sentences seen: 107500, Dev Acc: 0.9549
Sentences seen: 108000, Dev Acc: 0.9559
Sentences seen: 108500, Dev Acc: 0.9550
Sentences seen: 109000, Dev Acc: 0.9550
Sentences seen: 109500, Dev Acc: 0.9538
Sentences seen: 110000, Dev Acc: 0.9559
Sentences seen: 110500, Dev Acc: 0.9560
Sentences seen: 111000, Dev Acc: 0.9551
Sentences seen: 111500, Dev Acc: 0.9549
Sentences seen: 112000, Dev Acc: 0.9553
Sentences seen: 112500, Dev Acc: 0.9566
Sentences seen: 113000, Dev Acc: 0.9566
Epoch 3 TRAIN loss: 0.0948 | TRAIN accuracy: 0.9693
Last dev acc: 0.9566
Epoch 4/5
Sentences seen: 113500, Dev Acc: 0.9565
Sentences seen: 114000, Dev Acc: 0.9570
Sentences seen: 114500, Dev Acc: 0.9551
Sentences seen: 115000, Dev Acc: 0.9549
Sentences seen: 115500, Dev Acc: 0.9556
Sentences seen: 116000, Dev Acc: 0.9571
Sentences seen: 116500, Dev Acc: 0.9558
Sentences seen: 117000, Dev Acc: 0.9563
Sentences seen: 117500, Dev Acc: 0.9566
Sentences seen: 118000, Dev Acc: 0.9556
Sentences seen: 118500, Dev Acc: 0.9543
Sentences seen: 119000, Dev Acc: 0.9557
Sentences seen: 119500, Dev Acc: 0.9551
Sentences seen: 120000, Dev Acc: 0.9555
Sentences seen: 120500, Dev Acc: 0.9540
Sentences seen: 121000, Dev Acc: 0.9545
Sentences seen: 121500, Dev Acc: 0.9553
Sentences seen: 122000, Dev Acc: 0.9557
Sentences seen: 122500, Dev Acc: 0.9563
Sentences seen: 123000, Dev Acc: 0.9547
Sentences seen: 123500, Dev Acc: 0.9565
Sentences seen: 124000, Dev Acc: 0.9569
Sentences seen: 124500, Dev Acc: 0.9567
Sentences seen: 125000, Dev Acc: 0.9558
Sentences seen: 125500, Dev Acc: 0.9555
Sentences seen: 126000, Dev Acc: 0.9559
Sentences seen: 126500, Dev Acc: 0.9565
Sentences seen: 127000, Dev Acc: 0.9549
Sentences seen: 127500, Dev Acc: 0.9551
Sentences seen: 128000, Dev Acc: 0.9556
Sentences seen: 128500, Dev Acc: 0.9554
Sentences seen: 129000, Dev Acc: 0.9557
Sentences seen: 129500, Dev Acc: 0.9530
Sentences seen: 130000, Dev Acc: 0.9548
Sentences seen: 130500, Dev Acc: 0.9549
Sentences seen: 131000, Dev Acc: 0.9560
Sentences seen: 131500, Dev Acc: 0.9515
Sentences seen: 132000, Dev Acc: 0.9551
Sentences seen: 132500, Dev Acc: 0.9553
Sentences seen: 133000, Dev Acc: 0.9540
Sentences seen: 133500, Dev Acc: 0.9563
Sentences seen: 134000, Dev Acc: 0.9561
Sentences seen: 134500, Dev Acc: 0.9575
Sentences seen: 135000, Dev Acc: 0.9563
Sentences seen: 135500, Dev Acc: 0.9549
Sentences seen: 136000, Dev Acc: 0.9549
Sentences seen: 136500, Dev Acc: 0.9551
Sentences seen: 137000, Dev Acc: 0.9556
Sentences seen: 137500, Dev Acc: 0.9548
Sentences seen: 138000, Dev Acc: 0.9560
Sentences seen: 138500, Dev Acc: 0.9566
Sentences seen: 139000, Dev Acc: 0.9546
Sentences seen: 139500, Dev Acc: 0.9558
Sentences seen: 140000, Dev Acc: 0.9557
Sentences seen: 140500, Dev Acc: 0.9554
Sentences seen: 141000, Dev Acc: 0.9553
Sentences seen: 141500, Dev Acc: 0.9553
Sentences seen: 142000, Dev Acc: 0.9560
Sentences seen: 142500, Dev Acc: 0.9568
Sentences seen: 143000, Dev Acc: 0.9559
Sentences seen: 143500, Dev Acc: 0.9564
Sentences seen: 144000, Dev Acc: 0.9558
Sentences seen: 144500, Dev Acc: 0.9544
Sentences seen: 145000, Dev Acc: 0.9556
Sentences seen: 145500, Dev Acc: 0.9556
Sentences seen: 146000, Dev Acc: 0.9563
Sentences seen: 146500, Dev Acc: 0.9547
Sentences seen: 147000, Dev Acc: 0.9548
Sentences seen: 147500, Dev Acc: 0.9554
Sentences seen: 148000, Dev Acc: 0.9552
Sentences seen: 148500, Dev Acc: 0.9560
Sentences seen: 149000, Dev Acc: 0.9567
Sentences seen: 149500, Dev Acc: 0.9568
Sentences seen: 150000, Dev Acc: 0.9557
Sentences seen: 150500, Dev Acc: 0.9546
Sentences seen: 151000, Dev Acc: 0.9561
Epoch 4 TRAIN loss: 0.0811 | TRAIN accuracy: 0.9728
Last dev acc: 0.9561
Epoch 5/5
Sentences seen: 151500, Dev Acc: 0.9569
Sentences seen: 152000, Dev Acc: 0.9573
Sentences seen: 152500, Dev Acc: 0.9573
Sentences seen: 153000, Dev Acc: 0.9572
Sentences seen: 153500, Dev Acc: 0.9573
Sentences seen: 154000, Dev Acc: 0.9549
Sentences seen: 154500, Dev Acc: 0.9561
Sentences seen: 155000, Dev Acc: 0.9567
Sentences seen: 155500, Dev Acc: 0.9561
Sentences seen: 156000, Dev Acc: 0.9558
Sentences seen: 156500, Dev Acc: 0.9575
Sentences seen: 157000, Dev Acc: 0.9550
Sentences seen: 157500, Dev Acc: 0.9560
Sentences seen: 158000, Dev Acc: 0.9564
Sentences seen: 158500, Dev Acc: 0.9571
Sentences seen: 159000, Dev Acc: 0.9558
Sentences seen: 159500, Dev Acc: 0.9550
Sentences seen: 160000, Dev Acc: 0.9534
Sentences seen: 160500, Dev Acc: 0.9572
Sentences seen: 161000, Dev Acc: 0.9566
Sentences seen: 161500, Dev Acc: 0.9565
Sentences seen: 162000, Dev Acc: 0.9569
Sentences seen: 162500, Dev Acc: 0.9553
Sentences seen: 163000, Dev Acc: 0.9545
Sentences seen: 163500, Dev Acc: 0.9544
Sentences seen: 164000, Dev Acc: 0.9542
Sentences seen: 164500, Dev Acc: 0.9552
Sentences seen: 165000, Dev Acc: 0.9554
Sentences seen: 165500, Dev Acc: 0.9565
Sentences seen: 166000, Dev Acc: 0.9555
Sentences seen: 166500, Dev Acc: 0.9561
Sentences seen: 167000, Dev Acc: 0.9554
Sentences seen: 167500, Dev Acc: 0.9568
Sentences seen: 168000, Dev Acc: 0.9565
Sentences seen: 168500, Dev Acc: 0.9544
Sentences seen: 169000, Dev Acc: 0.9557
Sentences seen: 169500, Dev Acc: 0.9555
Sentences seen: 170000, Dev Acc: 0.9552
Sentences seen: 170500, Dev Acc: 0.9540
Sentences seen: 171000, Dev Acc: 0.9557
Sentences seen: 171500, Dev Acc: 0.9563
Sentences seen: 172000, Dev Acc: 0.9551
Sentences seen: 172500, Dev Acc: 0.9553
Sentences seen: 173000, Dev Acc: 0.9557
Sentences seen: 173500, Dev Acc: 0.9553
Sentences seen: 174000, Dev Acc: 0.9568
Sentences seen: 174500, Dev Acc: 0.9565
Sentences seen: 175000, Dev Acc: 0.9550
Sentences seen: 175500, Dev Acc: 0.9566
Sentences seen: 176000, Dev Acc: 0.9558
Sentences seen: 176500, Dev Acc: 0.9552
Sentences seen: 177000, Dev Acc: 0.9551
Sentences seen: 177500, Dev Acc: 0.9548
Sentences seen: 178000, Dev Acc: 0.9546
Sentences seen: 178500, Dev Acc: 0.9550
Sentences seen: 179000, Dev Acc: 0.9552
Sentences seen: 179500, Dev Acc: 0.9564
Sentences seen: 180000, Dev Acc: 0.9583
Sentences seen: 180500, Dev Acc: 0.9567
Sentences seen: 181000, Dev Acc: 0.9545
Sentences seen: 181500, Dev Acc: 0.9558
Sentences seen: 182000, Dev Acc: 0.9556
Sentences seen: 182500, Dev Acc: 0.9562
Sentences seen: 183000, Dev Acc: 0.9565
Sentences seen: 183500, Dev Acc: 0.9563
Sentences seen: 184000, Dev Acc: 0.9549
Sentences seen: 184500, Dev Acc: 0.9551
Sentences seen: 185000, Dev Acc: 0.9561
Sentences seen: 185500, Dev Acc: 0.9558
Sentences seen: 186000, Dev Acc: 0.9561
Sentences seen: 186500, Dev Acc: 0.9567
Sentences seen: 187000, Dev Acc: 0.9565
Sentences seen: 187500, Dev Acc: 0.9565
Sentences seen: 188000, Dev Acc: 0.9556
Sentences seen: 188500, Dev Acc: 0.9554
Sentences seen: 189000, Dev Acc: 0.9565
Epoch 5 TRAIN loss: 0.0729 | TRAIN accuracy: 0.9751
Last dev acc: 0.9565
Dev accuracies saved to dev_acc_pos_a.pkl
Model saved to bilstm_a_pos.pt
